<?xml version="1.0" encoding="UTF-8"?>
<!-- Generated by org.testng.reporters.JUnitReportReporter -->
<testsuite hostname="DESKTOP-E8CPF4G" failures="0" tests="1" name="com.iris22a.ProductTests" time="21.334" errors="0" timestamp="2022-08-09T18:57:13 IST" skipped="0">
  <testcase classname="com.iris22a.ProductTests" name="VerifySearchResultForPoloMen" time="21.334"/>
  <system-out/>
</testsuite> <!-- com.iris22a.ProductTests -->
